[dotenv] Set [36mOPENWEATHER_API_KEY[0m
[dotenv] Loaded [33m.env[0m
[dotenv] Set [36mOPENWEATHER_API_KEY[0m
[dotenv] Loaded [33m.env[0m
Started GET "/users/azure/login" for ::1 at 2025-10-07 22:00:22 +0530
  [1m[35m (2.0ms)[0m  [1m[35mCREATE TABLE "schema_migrations" ("version" varchar NOT NULL PRIMARY KEY)[0m
  [1m[35m (0.4ms)[0m  [1m[35mCREATE TABLE "ar_internal_metadata" ("key" varchar NOT NULL PRIMARY KEY, "value" varchar, "created_at" datetime(6) NOT NULL, "updated_at" datetime(6) NOT NULL)[0m
  [1m[36mActiveRecord::SchemaMigration Load (0.2ms)[0m  [1m[34mSELECT "schema_migrations"."version" FROM "schema_migrations" ORDER BY "schema_migrations"."version" ASC[0m
  
ActionController::RoutingError (No route matches [GET] "/users/azure/login"):
  
Started GET "/" for ::1 at 2025-10-07 22:00:23 +0530
Processing by WeatherController#index as HTML
  Rendering layout layouts/application.html.erb
  Rendering weather/index.html.erb within layouts/application
  Rendered weather/index.html.erb within layouts/application (Duration: 6.3ms | GC: 0.4ms)
  Rendered layout layouts/application.html.erb (Duration: 62.4ms | GC: 2.7ms)
Completed 200 OK in 106ms (Views: 64.5ms | ActiveRecord: 0.0ms (0 queries, 0 cached) | GC: 4.7ms)


Started GET "/weather?zip_code=90210&commit=Get+Weather" for ::1 at 2025-10-07 22:00:45 +0530
Processing by WeatherController#index as HTML
  Parameters: {"zip_code"=>"90210", "commit"=>"Get Weather"}
  Rendering layout layouts/application.html.erb
  Rendering weather/index.html.erb within layouts/application
  Rendered weather/index.html.erb within layouts/application (Duration: 1.4ms | GC: 0.0ms)
  Rendered layout layouts/application.html.erb (Duration: 5.3ms | GC: 0.2ms)
Completed 200 OK in 132ms (Views: 6.0ms | ActiveRecord: 0.0ms (0 queries, 0 cached) | GC: 1.0ms)


Started GET "/weather?zip_code=90210&commit=Get+Weather" for ::1 at 2025-10-07 22:00:48 +0530
Processing by WeatherController#index as HTML
  Parameters: {"zip_code"=>"90210", "commit"=>"Get Weather"}
  Rendering layout layouts/application.html.erb
  Rendering weather/index.html.erb within layouts/application
  Rendered weather/index.html.erb within layouts/application (Duration: 3.3ms | GC: 0.0ms)
  Rendered layout layouts/application.html.erb (Duration: 8.8ms | GC: 0.0ms)
Completed 200 OK in 81ms (Views: 10.0ms | ActiveRecord: 0.0ms (0 queries, 0 cached) | GC: 0.0ms)


Started GET "/weather?zip_code=90210&commit=Get+Weather" for ::1 at 2025-10-07 22:01:38 +0530
Processing by WeatherController#index as HTML
  Parameters: {"zip_code"=>"90210", "commit"=>"Get Weather"}
Completed 500 Internal Server Error in 4ms (ActiveRecord: 0.0ms (0 queries, 0 cached) | GC: 0.3ms)


  
NameError (undefined local variable or method `byebug' for #<WeatherService:0x00007fbfba6b62d8 @api_key="\"76ce343a9ccbb1c8d52b830eda3623d7">

    byebug
    ^^^^^^):
  
app/services/weather_service.rb:11:in `get_weather_by_zip'
app/controllers/weather_controller.rb:5:in `index'
Started GET "/favicon.ico" for ::1 at 2025-10-07 22:01:38 +0530
  
ActionController::RoutingError (No route matches [GET] "/favicon.ico"):
  
[dotenv] Set [36mOPENWEATHER_API_KEY[0m
[dotenv] Loaded [33m.env[0m
Started GET "/weather" for ::1 at 2025-10-07 22:03:05 +0530
  [1m[36mActiveRecord::SchemaMigration Load (0.2ms)[0m  [1m[34mSELECT "schema_migrations"."version" FROM "schema_migrations" ORDER BY "schema_migrations"."version" ASC[0m
Processing by WeatherController#index as HTML
  Rendering layout layouts/application.html.erb
  Rendering weather/index.html.erb within layouts/application
  Rendered weather/index.html.erb within layouts/application (Duration: 9.9ms | GC: 0.8ms)
  Rendered layout layouts/application.html.erb (Duration: 25.0ms | GC: 1.4ms)
Completed 200 OK in 55ms (Views: 47.9ms | ActiveRecord: 0.0ms (0 queries, 0 cached) | GC: 21.1ms)


Started GET "/weather?zip_code=500081&commit=Get+Weather" for ::1 at 2025-10-07 22:03:25 +0530
Processing by WeatherController#index as HTML
  Parameters: {"zip_code"=>"500081", "commit"=>"Get Weather"}
  Rendering layout layouts/application.html.erb
  Rendering weather/index.html.erb within layouts/application
  Rendered weather/index.html.erb within layouts/application (Duration: 1.8ms | GC: 0.0ms)
  Rendered layout layouts/application.html.erb (Duration: 7.8ms | GC: 0.4ms)
Completed 200 OK in 33778ms (Views: 9.5ms | ActiveRecord: 0.0ms (0 queries, 0 cached) | GC: 106.2ms)


Started GET "/weather?zip_code=500081&commit=Get+Weather" for ::1 at 2025-10-07 22:05:04 +0530
Processing by WeatherController#index as HTML
  Parameters: {"zip_code"=>"500081", "commit"=>"Get Weather"}
  Rendering layout layouts/application.html.erb
  Rendering weather/index.html.erb within layouts/application
  Rendered weather/index.html.erb within layouts/application (Duration: 5.2ms | GC: 0.0ms)
  Rendered layout layouts/application.html.erb (Duration: 10.4ms | GC: 0.1ms)
Completed 200 OK in 168957ms (Views: 14.1ms | ActiveRecord: 0.0ms (0 queries, 0 cached) | GC: 16.9ms)


Started GET "/users/azure/login" for ::1 at 2025-10-08 11:53:43 +0530
  
ActionController::RoutingError (No route matches [GET] "/users/azure/login"):
  
Started GET "/" for ::1 at 2025-10-08 11:53:44 +0530
Processing by WeatherController#index as HTML
  Rendering layout layouts/application.html.erb
  Rendering weather/index.html.erb within layouts/application
  Rendered weather/index.html.erb within layouts/application (Duration: 3.6ms | GC: 0.1ms)
  Rendered layout layouts/application.html.erb (Duration: 12.7ms | GC: 5.5ms)
Completed 200 OK in 17ms (Views: 14.8ms | ActiveRecord: 0.0ms (0 queries, 0 cached) | GC: 5.6ms)


Started GET "/weather?zip_code=500081&commit=Get+Weather" for ::1 at 2025-10-08 11:53:51 +0530
Processing by WeatherController#index as HTML
  Parameters: {"zip_code"=>"500081", "commit"=>"Get Weather"}
  Rendering layout layouts/application.html.erb
  Rendering weather/index.html.erb within layouts/application
  Rendered weather/index.html.erb within layouts/application (Duration: 1.5ms | GC: 0.0ms)
  Rendered layout layouts/application.html.erb (Duration: 4.5ms | GC: 0.3ms)
Completed 200 OK in 66ms (Views: 5.2ms | ActiveRecord: 0.0ms (0 queries, 0 cached) | GC: 0.9ms)


Started GET "/weather?zip_code=500081&commit=Get+Weather" for ::1 at 2025-10-08 11:55:07 +0530
Processing by WeatherController#index as HTML
  Parameters: {"zip_code"=>"500081", "commit"=>"Get Weather"}
  Rendering layout layouts/application.html.erb
  Rendering weather/index.html.erb within layouts/application
  Rendered weather/index.html.erb within layouts/application (Duration: 2.2ms | GC: 0.2ms)
  Rendered layout layouts/application.html.erb (Duration: 5.7ms | GC: 0.4ms)
Completed 200 OK in 9493ms (Views: 7.2ms | ActiveRecord: 0.0ms (0 queries, 0 cached) | GC: 34.7ms)


Started GET "/weather?zip_code=500081&commit=Get+Weather" for ::1 at 2025-10-08 11:55:19 +0530
Processing by WeatherController#index as HTML
  Parameters: {"zip_code"=>"500081", "commit"=>"Get Weather"}
Started GET "/weather?zip_code=500081&commit=Get+Weather" for ::1 at 2025-10-08 12:06:33 +0530
  Rendering layout layouts/application.html.erb
  Rendering weather/index.html.erb within layouts/application
  Rendered weather/index.html.erb within layouts/application (Duration: 1.7ms | GC: 0.1ms)
  Rendered layout layouts/application.html.erb (Duration: 4.7ms | GC: 0.1ms)
Completed 200 OK in 671559ms (Views: 5.6ms | ActiveRecord: 0.0ms (0 queries, 0 cached) | GC: 10.3ms)


Processing by WeatherController#index as HTML
  Parameters: {"zip_code"=>"500081", "commit"=>"Get Weather"}
  Rendering layout layouts/application.html.erb
  Rendering weather/index.html.erb within layouts/application
  Rendered weather/index.html.erb within layouts/application (Duration: 2.3ms | GC: 0.0ms)
  Rendered layout layouts/application.html.erb (Duration: 5.3ms | GC: 0.0ms)
Completed 200 OK in 9697ms (Views: 7.2ms | ActiveRecord: 0.0ms (0 queries, 0 cached) | GC: 0.4ms)


Started GET "/weather?zip_code=500081&commit=Get+Weather" for ::1 at 2025-10-08 12:07:10 +0530
Processing by WeatherController#index as HTML
  Parameters: {"zip_code"=>"500081", "commit"=>"Get Weather"}
  Rendering layout layouts/application.html.erb
  Rendering weather/index.html.erb within layouts/application
  Rendered weather/index.html.erb within layouts/application (Duration: 1.9ms | GC: 0.0ms)
  Rendered layout layouts/application.html.erb (Duration: 4.8ms | GC: 0.0ms)
Completed 200 OK in 65ms (Views: 6.6ms | ActiveRecord: 0.0ms (0 queries, 0 cached) | GC: 0.0ms)


Started GET "/weather?zip_code=500081&commit=Get+Weather" for ::1 at 2025-10-08 12:07:33 +0530
Processing by WeatherController#index as HTML
  Parameters: {"zip_code"=>"500081", "commit"=>"Get Weather"}
Completed 500 Internal Server Error in 531ms (ActiveRecord: 0.0ms (0 queries, 0 cached) | GC: 0.3ms)


  
NoMethodError (undefined method `pry' for #<Binding:0x0000790fd2f19478>

      binding.pry
             ^^^^
Did you mean?  try):
  
app/controllers/weather_controller.rb:6:in `index'
Started GET "/weather?zip_code=500081&commit=Get+Weather" for ::1 at 2025-10-08 12:07:46 +0530
Processing by WeatherController#index as HTML
  Parameters: {"zip_code"=>"500081", "commit"=>"Get Weather"}
  Rendering layout layouts/application.html.erb
  Rendering weather/index.html.erb within layouts/application
  Rendered weather/index.html.erb within layouts/application (Duration: 1.5ms | GC: 0.0ms)
  Rendered layout layouts/application.html.erb (Duration: 4.1ms | GC: 0.0ms)
Completed 200 OK in 89ms (Views: 5.3ms | ActiveRecord: 0.0ms (0 queries, 0 cached) | GC: 1.3ms)


Started GET "/weather?zip_code=500081&commit=Get+Weather" for ::1 at 2025-10-08 12:07:50 +0530
Processing by WeatherController#index as HTML
  Parameters: {"zip_code"=>"500081", "commit"=>"Get Weather"}
  Rendering layout layouts/application.html.erb
  Rendering weather/index.html.erb within layouts/application
  Rendered weather/index.html.erb within layouts/application (Duration: 0.9ms | GC: 0.0ms)
  Rendered layout layouts/application.html.erb (Duration: 3.5ms | GC: 0.4ms)
Completed 200 OK in 93ms (Views: 4.0ms | ActiveRecord: 0.0ms (0 queries, 0 cached) | GC: 5.0ms)


Started GET "/weather?zip_code=500081&commit=Get+Weather" for ::1 at 2025-10-08 12:07:55 +0530
Processing by WeatherController#index as HTML
  Parameters: {"zip_code"=>"500081", "commit"=>"Get Weather"}
  Rendering layout layouts/application.html.erb
  Rendering weather/index.html.erb within layouts/application
  Rendered weather/index.html.erb within layouts/application (Duration: 1.1ms | GC: 0.0ms)
Started GET "/weather?zip_code=500081&commit=Get+Weather" for ::1 at 2025-10-08 12:08:45 +0530
  Rendered layout layouts/application.html.erb (Duration: 5.0ms | GC: 0.0ms)
Completed 200 OK in 50638ms (Views: 6.0ms | ActiveRecord: 0.0ms (0 queries, 0 cached) | GC: 7.6ms)


Processing by WeatherController#index as HTML
  Parameters: {"zip_code"=>"500081", "commit"=>"Get Weather"}
  Rendering layout layouts/application.html.erb
  Rendering weather/index.html.erb within layouts/application
  Rendered weather/index.html.erb within layouts/application (Duration: 1.8ms | GC: 0.0ms)
  Rendered layout layouts/application.html.erb (Duration: 4.4ms | GC: 0.0ms)
Completed 200 OK in 17589ms (Views: 5.9ms | ActiveRecord: 0.0ms (0 queries, 0 cached) | GC: 0.0ms)


Started GET "/weather?zip_code=500081&commit=Get+Weather" for ::1 at 2025-10-08 12:09:07 +0530
Processing by WeatherController#index as HTML
  Parameters: {"zip_code"=>"500081", "commit"=>"Get Weather"}
  Rendering layout layouts/application.html.erb
  Rendering weather/index.html.erb within layouts/application
  Rendered weather/index.html.erb within layouts/application (Duration: 2.6ms | GC: 0.0ms)
  Rendered layout layouts/application.html.erb (Duration: 5.5ms | GC: 0.0ms)
Completed 200 OK in 19762ms (Views: 7.0ms | ActiveRecord: 0.0ms (0 queries, 0 cached) | GC: 0.0ms)


Started GET "/weather?zip_code=rewa&commit=Get+Weather" for ::1 at 2025-10-08 12:10:13 +0530
Processing by WeatherController#index as HTML
  Parameters: {"zip_code"=>"rewa", "commit"=>"Get Weather"}
  Rendering layout layouts/application.html.erb
  Rendering weather/index.html.erb within layouts/application
  Rendered weather/index.html.erb within layouts/application (Duration: 1.2ms | GC: 0.0ms)
  Rendered layout layouts/application.html.erb (Duration: 3.4ms | GC: 0.0ms)
Completed 200 OK in 8787ms (Views: 4.5ms | ActiveRecord: 0.0ms (0 queries, 0 cached) | GC: 0.0ms)


[dotenv] Set [36mOPENWEATHER_API_KEY[0m
[dotenv] Loaded [33m.env[0m
Started GET "/weather?zip_code=rewa&commit=Get+Weather" for ::1 at 2025-10-08 12:10:45 +0530
  [1m[36mActiveRecord::SchemaMigration Load (0.1ms)[0m  [1m[34mSELECT "schema_migrations"."version" FROM "schema_migrations" ORDER BY "schema_migrations"."version" ASC[0m
Processing by WeatherController#index as HTML
  Parameters: {"zip_code"=>"rewa", "commit"=>"Get Weather"}
  Rendering layout layouts/application.html.erb
  Rendering weather/index.html.erb within layouts/application
  Rendered weather/index.html.erb within layouts/application (Duration: 21.3ms | GC: 15.2ms)
  Rendered layout layouts/application.html.erb (Duration: 27.6ms | GC: 15.5ms)
Completed 200 OK in 108ms (Views: 30.5ms | ActiveRecord: 0.0ms (0 queries, 0 cached) | GC: 15.5ms)


Started GET "/weather?zip_code=rewa&commit=Get+Weather" for ::1 at 2025-10-08 12:10:49 +0530
Processing by WeatherController#index as HTML
  Parameters: {"zip_code"=>"rewa", "commit"=>"Get Weather"}
  Rendering layout layouts/application.html.erb
  Rendering weather/index.html.erb within layouts/application
  Rendered weather/index.html.erb within layouts/application (Duration: 1.4ms | GC: 0.0ms)
  Rendered layout layouts/application.html.erb (Duration: 3.9ms | GC: 0.3ms)
Completed 200 OK in 88ms (Views: 4.5ms | ActiveRecord: 0.0ms (0 queries, 0 cached) | GC: 0.7ms)


Started GET "/weather?zip_code=rewa&commit=Get+Weather" for ::1 at 2025-10-08 12:10:50 +0530
Processing by WeatherController#index as HTML
  Parameters: {"zip_code"=>"rewa", "commit"=>"Get Weather"}
  Rendering layout layouts/application.html.erb
  Rendering weather/index.html.erb within layouts/application
  Rendered weather/index.html.erb within layouts/application (Duration: 3.5ms | GC: 0.7ms)
  Rendered layout layouts/application.html.erb (Duration: 7.5ms | GC: 0.7ms)
Completed 200 OK in 68ms (Views: 8.5ms | ActiveRecord: 0.0ms (0 queries, 0 cached) | GC: 1.0ms)


Started GET "/weather?zip_code=rewa&commit=Get+Weather" for ::1 at 2025-10-08 12:10:51 +0530
Processing by WeatherController#index as HTML
  Parameters: {"zip_code"=>"rewa", "commit"=>"Get Weather"}
  Rendering layout layouts/application.html.erb
  Rendering weather/index.html.erb within layouts/application
  Rendered weather/index.html.erb within layouts/application (Duration: 1.9ms | GC: 0.3ms)
  Rendered layout layouts/application.html.erb (Duration: 4.6ms | GC: 0.3ms)
Completed 200 OK in 71ms (Views: 5.2ms | ActiveRecord: 0.0ms (0 queries, 0 cached) | GC: 0.3ms)


Started GET "/weather?zip_code=rewa&commit=Get+Weather" for ::1 at 2025-10-08 12:10:51 +0530
Processing by WeatherController#index as HTML
  Parameters: {"zip_code"=>"rewa", "commit"=>"Get Weather"}
  Rendering layout layouts/application.html.erb
  Rendering weather/index.html.erb within layouts/application
  Rendered weather/index.html.erb within layouts/application (Duration: 2.0ms | GC: 0.3ms)
  Rendered layout layouts/application.html.erb (Duration: 4.7ms | GC: 0.3ms)
Completed 200 OK in 58ms (Views: 5.3ms | ActiveRecord: 0.0ms (0 queries, 0 cached) | GC: 0.3ms)


Started GET "/weather?zip_code=rewa&commit=Get+Weather" for ::1 at 2025-10-08 12:10:52 +0530
Processing by WeatherController#index as HTML
  Parameters: {"zip_code"=>"rewa", "commit"=>"Get Weather"}
  Rendering layout layouts/application.html.erb
  Rendering weather/index.html.erb within layouts/application
  Rendered weather/index.html.erb within layouts/application (Duration: 2.0ms | GC: 0.0ms)
  Rendered layout layouts/application.html.erb (Duration: 5.1ms | GC: 0.5ms)
Completed 200 OK in 59ms (Views: 6.1ms | ActiveRecord: 0.0ms (0 queries, 0 cached) | GC: 0.8ms)


Started GET "/weather?zip_code=rewa&commit=Get+Weather" for ::1 at 2025-10-08 12:10:52 +0530
Processing by WeatherController#index as HTML
  Parameters: {"zip_code"=>"rewa", "commit"=>"Get Weather"}
  Rendering layout layouts/application.html.erb
  Rendering weather/index.html.erb within layouts/application
  Rendered weather/index.html.erb within layouts/application (Duration: 1.5ms | GC: 0.0ms)
  Rendered layout layouts/application.html.erb (Duration: 3.5ms | GC: 0.1ms)
Completed 200 OK in 70ms (Views: 4.0ms | ActiveRecord: 0.0ms (0 queries, 0 cached) | GC: 0.5ms)


Started GET "/weather?zip_code=rewa&commit=Get+Weather" for ::1 at 2025-10-08 12:14:32 +0530
Processing by WeatherController#index as HTML
  Parameters: {"zip_code"=>"rewa", "commit"=>"Get Weather"}
  Rendering layout layouts/application.html.erb
  Rendering weather/index.html.erb within layouts/application
  Rendered weather/index.html.erb within layouts/application (Duration: 2.7ms | GC: 0.2ms)
  Rendered layout layouts/application.html.erb (Duration: 6.1ms | GC: 0.2ms)
Completed 200 OK in 129ms (Views: 7.9ms | ActiveRecord: 0.0ms (0 queries, 0 cached) | GC: 0.7ms)


Started GET "/manifest.json" for ::1 at 2025-10-08 12:14:43 +0530
Processing by Rails::PwaController#manifest as JSON
  Rendering pwa/manifest.json.erb
  Rendered pwa/manifest.json.erb (Duration: 0.2ms | GC: 0.0ms)
Completed 200 OK in 1ms (Views: 0.9ms | ActiveRecord: 0.0ms (0 queries, 0 cached) | GC: 0.0ms)


Started GET "/weather?zip_code=rewa&commit=Get+Weather" for ::1 at 2025-10-08 12:14:52 +0530
Processing by WeatherController#index as HTML
  Parameters: {"zip_code"=>"rewa", "commit"=>"Get Weather"}
  Rendering layout layouts/application.html.erb
  Rendering weather/index.html.erb within layouts/application
  Rendered weather/index.html.erb within layouts/application (Duration: 2.6ms | GC: 0.4ms)
  Rendered layout layouts/application.html.erb (Duration: 5.6ms | GC: 0.4ms)
Completed 200 OK in 62ms (Views: 6.3ms | ActiveRecord: 0.0ms (0 queries, 0 cached) | GC: 0.4ms)


Started GET "/weather?zip_code=rewa&commit=Get+Weather" for ::1 at 2025-10-08 12:15:06 +0530
Processing by WeatherController#index as HTML
  Parameters: {"zip_code"=>"rewa", "commit"=>"Get Weather"}
  Rendering layout layouts/application.html.erb
  Rendering weather/index.html.erb within layouts/application
  Rendered weather/index.html.erb within layouts/application (Duration: 2.0ms | GC: 0.2ms)
  Rendered layout layouts/application.html.erb (Duration: 4.7ms | GC: 0.2ms)
Completed 200 OK in 461ms (Views: 5.3ms | ActiveRecord: 0.0ms (0 queries, 0 cached) | GC: 0.2ms)


Started GET "/weather?zip_code=rewa&commit=Get+Weather" for ::1 at 2025-10-08 12:15:07 +0530
Processing by WeatherController#index as HTML
  Parameters: {"zip_code"=>"rewa", "commit"=>"Get Weather"}
  Rendering layout layouts/application.html.erb
  Rendering weather/index.html.erb within layouts/application
  Rendered weather/index.html.erb within layouts/application (Duration: 1.9ms | GC: 0.3ms)
  Rendered layout layouts/application.html.erb (Duration: 4.4ms | GC: 0.3ms)
Completed 200 OK in 95ms (Views: 5.0ms | ActiveRecord: 0.0ms (0 queries, 0 cached) | GC: 0.3ms)


Started GET "/weather?zip_code=rewa&commit=Get+Weather" for ::1 at 2025-10-08 12:15:08 +0530
Processing by WeatherController#index as HTML
  Parameters: {"zip_code"=>"rewa", "commit"=>"Get Weather"}
  Rendering layout layouts/application.html.erb
  Rendering weather/index.html.erb within layouts/application
  Rendered weather/index.html.erb within layouts/application (Duration: 3.0ms | GC: 0.3ms)
  Rendered layout layouts/application.html.erb (Duration: 6.5ms | GC: 0.3ms)
Completed 200 OK in 56ms (Views: 7.3ms | ActiveRecord: 0.0ms (0 queries, 0 cached) | GC: 0.5ms)


Started GET "/weather?zip_code=rewa&commit=Get+Weather" for ::1 at 2025-10-08 12:22:43 +0530
Processing by WeatherController#index as HTML
  Parameters: {"zip_code"=>"rewa", "commit"=>"Get Weather"}
  Rendering layout layouts/application.html.erb
  Rendering weather/index.html.erb within layouts/application
  Rendered weather/index.html.erb within layouts/application (Duration: 3.0ms | GC: 0.0ms)
  Rendered layout layouts/application.html.erb (Duration: 6.3ms | GC: 0.0ms)
Completed 200 OK in 5115ms (Views: 8.7ms | ActiveRecord: 0.0ms (0 queries, 0 cached) | GC: 0.0ms)


Started GET "/weather?zip_code=Hyderabad&commit=Get+Weather" for ::1 at 2025-10-08 12:23:00 +0530
Processing by WeatherController#index as HTML
  Parameters: {"zip_code"=>"Hyderabad", "commit"=>"Get Weather"}
  Rendering layout layouts/application.html.erb
  Rendering weather/index.html.erb within layouts/application
  Rendered weather/index.html.erb within layouts/application (Duration: 3.6ms | GC: 0.0ms)
  Rendered layout layouts/application.html.erb (Duration: 6.5ms | GC: 0.0ms)
Completed 200 OK in 155ms (Views: 7.6ms | ActiveRecord: 0.0ms (0 queries, 0 cached) | GC: 0.0ms)


[dotenv] Set [36mOPENWEATHER_API_KEY[0m
[dotenv] Loaded [33m.env[0m
[dotenv] Set [36mOPENWEATHER_API_KEY[0m
[dotenv] Loaded [33m.env[0m
Started GET "/weather?zip_code=rewa&commit=Get+Weather" for ::1 at 2025-10-08 13:12:22 +0530
  [1m[36mActiveRecord::SchemaMigration Load (0.2ms)[0m  [1m[34mSELECT "schema_migrations"."version" FROM "schema_migrations" ORDER BY "schema_migrations"."version" ASC[0m
Processing by WeatherController#index as HTML
  Parameters: {"zip_code"=>"rewa", "commit"=>"Get Weather"}
  Rendering layout layouts/application.html.erb
  Rendering weather/index.html.erb within layouts/application
  Rendered weather/index.html.erb within layouts/application (Duration: 15.7ms | GC: 0.0ms)
  Rendered layout layouts/application.html.erb (Duration: 40.0ms | GC: 0.0ms)
Completed 200 OK in 136ms (Views: 44.5ms | ActiveRecord: 0.0ms (0 queries, 0 cached) | GC: 0.0ms)


Started GET "/weather?zip_code=rewa&commit=Get+Weather" for ::1 at 2025-10-08 13:12:26 +0530
Processing by WeatherController#index as HTML
  Parameters: {"zip_code"=>"rewa", "commit"=>"Get Weather"}
  Rendering layout layouts/application.html.erb
  Rendering weather/index.html.erb within layouts/application
  Rendered weather/index.html.erb within layouts/application (Duration: 4.0ms | GC: 0.0ms)
  Rendered layout layouts/application.html.erb (Duration: 9.7ms | GC: 0.0ms)
Completed 200 OK in 64ms (Views: 10.7ms | ActiveRecord: 0.0ms (0 queries, 0 cached) | GC: 0.0ms)


Started GET "/" for ::1 at 2025-10-08 13:12:35 +0530
Processing by WeatherController#index as HTML
  Rendering layout layouts/application.html.erb
  Rendering weather/index.html.erb within layouts/application
  Rendered weather/index.html.erb within layouts/application (Duration: 2.7ms | GC: 0.0ms)
  Rendered layout layouts/application.html.erb (Duration: 7.0ms | GC: 0.0ms)
Completed 200 OK in 9ms (Views: 7.9ms | ActiveRecord: 0.0ms (0 queries, 0 cached) | GC: 0.0ms)


Started GET "/weather?zip_code=rewa&commit=Get+Weather" for ::1 at 2025-10-08 13:12:48 +0530
Processing by WeatherController#index as HTML
  Parameters: {"zip_code"=>"rewa", "commit"=>"Get Weather"}
  Rendering layout layouts/application.html.erb
  Rendering weather/index.html.erb within layouts/application
  Rendered weather/index.html.erb within layouts/application (Duration: 2.2ms | GC: 0.0ms)
  Rendered layout layouts/application.html.erb (Duration: 4.9ms | GC: 0.0ms)
Completed 200 OK in 98ms (Views: 6.1ms | ActiveRecord: 0.0ms (0 queries, 0 cached) | GC: 0.0ms)


Started GET "/weather?zip_code=rewa&commit=Get+Weather" for ::1 at 2025-10-08 13:14:03 +0530
Processing by WeatherController#index as HTML
  Parameters: {"zip_code"=>"rewa", "commit"=>"Get Weather"}
  Rendering layout layouts/application.html.erb
  Rendering weather/index.html.erb within layouts/application
  Rendered weather/index.html.erb within layouts/application (Duration: 4.7ms | GC: 0.7ms)
  Rendered layout layouts/application.html.erb (Duration: 9.5ms | GC: 0.7ms)
Completed 200 OK in 79ms (Views: 12.6ms | ActiveRecord: 0.0ms (0 queries, 0 cached) | GC: 2.1ms)


Started GET "/manifest.json" for ::1 at 2025-10-08 13:14:10 +0530
Processing by Rails::PwaController#manifest as JSON
  Rendering pwa/manifest.json.erb
  Rendered pwa/manifest.json.erb (Duration: 0.3ms | GC: 0.0ms)
Completed 200 OK in 1ms (Views: 1.2ms | ActiveRecord: 0.0ms (0 queries, 0 cached) | GC: 0.0ms)


Started GET "/weather?zip_code=rewa&commit=Get+Weather" for ::1 at 2025-10-08 13:16:44 +0530
Processing by WeatherController#index as HTML
  Parameters: {"zip_code"=>"rewa", "commit"=>"Get Weather"}
  Rendering layout layouts/application.html.erb
  Rendering weather/index.html.erb within layouts/application
  Rendered weather/index.html.erb within layouts/application (Duration: 3.9ms | GC: 0.3ms)
  Rendered layout layouts/application.html.erb (Duration: 9.9ms | GC: 0.7ms)
Completed 200 OK in 69ms (Views: 12.3ms | ActiveRecord: 0.0ms (0 queries, 0 cached) | GC: 1.1ms)


[dotenv] Set [36mOPENWEATHER_API_KEY[0m
[dotenv] Loaded [33m.env[0m
Started GET "/weather?zip_code=rewa&commit=Get+Weather" for ::1 at 2025-10-08 13:22:54 +0530
  [1m[36mActiveRecord::SchemaMigration Load (0.1ms)[0m  [1m[34mSELECT "schema_migrations"."version" FROM "schema_migrations" ORDER BY "schema_migrations"."version" ASC[0m
Processing by WeatherController#index as HTML
  Parameters: {"zip_code"=>"rewa", "commit"=>"Get Weather"}
  Rendering layout layouts/application.html.erb
  Rendering weather/index.html.erb within layouts/application
  Rendered weather/index.html.erb within layouts/application (Duration: 13.4ms | GC: 0.0ms)
  Rendered layout layouts/application.html.erb (Duration: 37.6ms | GC: 0.0ms)
Completed 200 OK in 217ms (Views: 41.5ms | ActiveRecord: 0.0ms (0 queries, 0 cached) | GC: 0.0ms)


Started GET "/weather?zip_code=hyderabad&commit=Get+Weather" for ::1 at 2025-10-08 13:23:55 +0530
Processing by WeatherController#index as HTML
  Parameters: {"zip_code"=>"hyderabad", "commit"=>"Get Weather"}
  Rendering layout layouts/application.html.erb
  Rendering weather/index.html.erb within layouts/application
  Rendered weather/index.html.erb within layouts/application (Duration: 4.1ms | GC: 0.0ms)
  Rendered layout layouts/application.html.erb (Duration: 8.2ms | GC: 0.0ms)
Completed 200 OK in 78ms (Views: 9.1ms | ActiveRecord: 0.0ms (0 queries, 0 cached) | GC: 0.0ms)


[dotenv] Set [36mOPENWEATHER_API_KEY[0m
[dotenv] Loaded [33m.env[0m
Started GET "/weather?zip_code=hyderabad&commit=Get+Weather" for ::1 at 2025-10-08 13:33:22 +0530
  [1m[36mActiveRecord::SchemaMigration Load (0.3ms)[0m  [1m[34mSELECT "schema_migrations"."version" FROM "schema_migrations" ORDER BY "schema_migrations"."version" ASC[0m
Processing by WeatherController#index as HTML
  Parameters: {"zip_code"=>"hyderabad", "commit"=>"Get Weather"}
  Rendering layout layouts/application.html.erb
  Rendering weather/index.html.erb within layouts/application
  Rendered weather/index.html.erb within layouts/application (Duration: 17.2ms | GC: 0.0ms)
  Rendered layout layouts/application.html.erb (Duration: 39.1ms | GC: 0.0ms)
Completed 200 OK in 115ms (Views: 43.9ms | ActiveRecord: 0.0ms (0 queries, 0 cached) | GC: 0.0ms)


Started GET "/weather" for ::1 at 2025-10-08 13:33:33 +0530
Processing by WeatherController#index as HTML
  Rendering layout layouts/application.html.erb
  Rendering weather/index.html.erb within layouts/application
  Rendered weather/index.html.erb within layouts/application (Duration: 1.6ms | GC: 0.0ms)
  Rendered layout layouts/application.html.erb (Duration: 3.5ms | GC: 0.0ms)
Completed 200 OK in 5ms (Views: 4.0ms | ActiveRecord: 0.0ms (0 queries, 0 cached) | GC: 0.0ms)


Started GET "/weather?lat=39.908274&lng=-98.541048" for ::1 at 2025-10-08 13:33:42 +0530
Processing by WeatherController#index as HTML
  Parameters: {"lat"=>"39.908274", "lng"=>"-98.541048"}
  Rendering layout layouts/application.html.erb
  Rendering weather/index.html.erb within layouts/application
  Rendered weather/index.html.erb within layouts/application (Duration: 3.2ms | GC: 0.0ms)
  Rendered layout layouts/application.html.erb (Duration: 6.4ms | GC: 0.0ms)
Completed 200 OK in 69ms (Views: 7.3ms | ActiveRecord: 0.0ms (0 queries, 0 cached) | GC: 0.0ms)


[dotenv] Set [36mOPENWEATHER_API_KEY[0m
[dotenv] Loaded [33m.env[0m
Started GET "/weather?zip_code=indore&commit=Get+Weather" for ::1 at 2025-10-08 13:35:00 +0530
  [1m[36mActiveRecord::SchemaMigration Load (0.1ms)[0m  [1m[34mSELECT "schema_migrations"."version" FROM "schema_migrations" ORDER BY "schema_migrations"."version" ASC[0m
Processing by WeatherController#index as HTML
  Parameters: {"zip_code"=>"indore", "commit"=>"Get Weather"}
  Rendering layout layouts/application.html.erb
  Rendering weather/index.html.erb within layouts/application
  Rendered weather/index.html.erb within layouts/application (Duration: 12.3ms | GC: 0.0ms)
  Rendered layout layouts/application.html.erb (Duration: 57.9ms | GC: 24.4ms)
Completed 200 OK in 1759ms (Views: 61.8ms | ActiveRecord: 0.0ms (0 queries, 0 cached) | GC: 55.9ms)


Started GET "/weather?zip_code=indore&commit=Get+Weather" for ::1 at 2025-10-08 13:35:07 +0530
Processing by WeatherController#index as HTML
  Parameters: {"zip_code"=>"indore", "commit"=>"Get Weather"}
  Rendering layout layouts/application.html.erb
  Rendering weather/index.html.erb within layouts/application
  Rendered weather/index.html.erb within layouts/application (Duration: 4.6ms | GC: 0.0ms)
  Rendered layout layouts/application.html.erb (Duration: 11.9ms | GC: 0.0ms)
Completed 200 OK in 184982ms (Views: 13.0ms | ActiveRecord: 0.0ms (0 queries, 0 cached) | GC: 13.3ms)


Started GET "/weather?zip_code=indore&commit=Get+Weather" for ::1 at 2025-10-08 13:38:16 +0530
Processing by WeatherController#index as HTML
  Parameters: {"zip_code"=>"indore", "commit"=>"Get Weather"}
  Rendering layout layouts/application.html.erb
  Rendering weather/index.html.erb within layouts/application
  Rendered weather/index.html.erb within layouts/application (Duration: 3.1ms | GC: 0.0ms)
  Rendered layout layouts/application.html.erb (Duration: 16.4ms | GC: 8.4ms)
Completed 200 OK in 83ms (Views: 19.3ms | ActiveRecord: 0.0ms (0 queries, 0 cached) | GC: 8.4ms)


Started GET "/weather?zip_code=indore&commit=Get+Weather" for ::1 at 2025-10-08 13:38:32 +0530
Processing by WeatherController#index as HTML
  Parameters: {"zip_code"=>"indore", "commit"=>"Get Weather"}
  Rendering layout layouts/application.html.erb
  Rendering weather/index.html.erb within layouts/application
  Rendered weather/index.html.erb within layouts/application (Duration: 18281.0ms | GC: 3.9ms)
  Rendered layout layouts/application.html.erb (Duration: 18286.3ms | GC: 3.9ms)
Completed 200 OK in 18396ms (Views: 18288.7ms | ActiveRecord: 0.0ms (0 queries, 0 cached) | GC: 4.2ms)


Started GET "/weather?zip_code=indore&commit=Get+Weather" for ::1 at 2025-10-08 13:39:04 +0530
Processing by WeatherController#index as HTML
  Parameters: {"zip_code"=>"indore", "commit"=>"Get Weather"}
  Rendering layout layouts/application.html.erb
  Rendering weather/index.html.erb within layouts/application
  Rendered weather/index.html.erb within layouts/application (Duration: 4.4ms | GC: 0.0ms)
  Rendered layout layouts/application.html.erb (Duration: 8.0ms | GC: 0.0ms)
Completed 200 OK in 67ms (Views: 10.5ms | ActiveRecord: 0.0ms (0 queries, 0 cached) | GC: 0.0ms)


Started GET "/weather?zip_code=indore&commit=Get+Weather" for ::1 at 2025-10-08 13:39:30 +0530
Processing by WeatherController#index as HTML
  Parameters: {"zip_code"=>"indore", "commit"=>"Get Weather"}
  Rendering layout layouts/application.html.erb
  Rendering weather/index.html.erb within layouts/application
  Rendered weather/index.html.erb within layouts/application (Duration: 4.5ms | GC: 0.0ms)
  Rendered layout layouts/application.html.erb (Duration: 8.4ms | GC: 0.0ms)
Completed 200 OK in 68ms (Views: 11.4ms | ActiveRecord: 0.0ms (0 queries, 0 cached) | GC: 0.0ms)


Started GET "/weather?lat=22.653122&lng=75.478991" for ::1 at 2025-10-08 13:41:14 +0530
Processing by WeatherController#index as HTML
  Parameters: {"lat"=>"22.653122", "lng"=>"75.478991"}
  Rendering layout layouts/application.html.erb
  Rendering weather/index.html.erb within layouts/application
  Rendered weather/index.html.erb within layouts/application (Duration: 4.9ms | GC: 0.6ms)
  Rendered layout layouts/application.html.erb (Duration: 8.4ms | GC: 0.6ms)
Completed 200 OK in 82ms (Views: 17.8ms | ActiveRecord: 0.0ms (0 queries, 0 cached) | GC: 7.7ms)


Started GET "/weather?lat=17.324424&lng=77.881106" for ::1 at 2025-10-08 13:41:39 +0530
Processing by WeatherController#index as HTML
  Parameters: {"lat"=>"17.324424", "lng"=>"77.881106"}
  Rendering layout layouts/application.html.erb
  Rendering weather/index.html.erb within layouts/application
  Rendered weather/index.html.erb within layouts/application (Duration: 3.7ms | GC: 0.0ms)
  Rendered layout layouts/application.html.erb (Duration: 9.0ms | GC: 0.4ms)
Completed 200 OK in 113ms (Views: 10.0ms | ActiveRecord: 0.0ms (0 queries, 0 cached) | GC: 1.5ms)


Started GET "/weather?lat=17.388463&lng=78.474362" for ::1 at 2025-10-08 13:41:54 +0530
Processing by WeatherController#index as HTML
  Parameters: {"lat"=>"17.388463", "lng"=>"78.474362"}
  Rendering layout layouts/application.html.erb
  Rendering weather/index.html.erb within layouts/application
  Rendered weather/index.html.erb within layouts/application (Duration: 4.5ms | GC: 0.8ms)
  Rendered layout layouts/application.html.erb (Duration: 9.2ms | GC: 0.8ms)
Completed 200 OK in 74ms (Views: 11.5ms | ActiveRecord: 0.0ms (0 queries, 0 cached) | GC: 1.6ms)


Started GET "/weather?lat=17.244121&lng=78.893254" for ::1 at 2025-10-08 13:42:11 +0530
Processing by WeatherController#index as HTML
  Parameters: {"lat"=>"17.244121", "lng"=>"78.893254"}
  Rendering layout layouts/application.html.erb
  Rendering weather/index.html.erb within layouts/application
  Rendered weather/index.html.erb within layouts/application (Duration: 3.7ms | GC: 0.4ms)
  Rendered layout layouts/application.html.erb (Duration: 8.6ms | GC: 0.4ms)
Completed 200 OK in 92ms (Views: 9.7ms | ActiveRecord: 0.0ms (0 queries, 0 cached) | GC: 0.4ms)


Started GET "/weather?lat=17.244121&lng=78.893254" for ::1 at 2025-10-08 15:15:01 +0530
Processing by WeatherController#index as HTML
  Parameters: {"lat"=>"17.244121", "lng"=>"78.893254"}
  Rendering layout layouts/application.html.erb
  Rendering weather/index.html.erb within layouts/application
  Rendered weather/index.html.erb within layouts/application (Duration: 7.9ms | GC: 0.2ms)
  Rendered layout layouts/application.html.erb (Duration: 19.7ms | GC: 0.6ms)
Completed 200 OK in 125ms (Views: 21.7ms | ActiveRecord: 0.0ms (0 queries, 0 cached) | GC: 1.0ms)


Started GET "/weather?lat=17.400110&lng=79.299107" for ::1 at 2025-10-08 15:15:21 +0530
Processing by WeatherController#index as HTML
  Parameters: {"lat"=>"17.400110", "lng"=>"79.299107"}
  Rendering layout layouts/application.html.erb
  Rendering weather/index.html.erb within layouts/application
  Rendered weather/index.html.erb within layouts/application (Duration: 3.1ms | GC: 0.2ms)
  Rendered layout layouts/application.html.erb (Duration: 5.4ms | GC: 0.2ms)
Completed 200 OK in 71ms (Views: 7.0ms | ActiveRecord: 0.0ms (0 queries, 0 cached) | GC: 0.5ms)


[dotenv] Set [36mOPENWEATHER_API_KEY[0m and [36mGOOGLE_API_KEY[0m
[dotenv] Loaded [33m.env[0m
[dotenv] Set [36mOPENWEATHER_API_KEY[0m and [36mGOOGLE_API_KEY[0m
[dotenv] Loaded [33m.env[0m
Started GET "/users/azure/login/sindhu" for ::1 at 2025-10-08 15:47:42 +0530
  [1m[36mActiveRecord::SchemaMigration Load (0.1ms)[0m  [1m[34mSELECT "schema_migrations"."version" FROM "schema_migrations" ORDER BY "schema_migrations"."version" ASC[0m
  
ActionController::RoutingError (No route matches [GET] "/users/azure/login/sindhu"):
  
Started GET "/favicon.ico" for ::1 at 2025-10-08 15:47:43 +0530
  
ActionController::RoutingError (No route matches [GET] "/favicon.ico"):
  
Started GET "/" for ::1 at 2025-10-08 15:47:48 +0530
Processing by WeatherController#index as HTML
  Rendering layout layouts/application.html.erb
  Rendering weather/index.html.erb within layouts/application
  Rendered weather/index.html.erb within layouts/application (Duration: 4.0ms | GC: 0.5ms)
  Rendered layout layouts/application.html.erb (Duration: 21.4ms | GC: 1.2ms)
Completed 200 OK in 36ms (Views: 23.7ms | ActiveRecord: 0.0ms (0 queries, 0 cached) | GC: 1.5ms)


Started GET "/weather?lat=39.8283&lng=-98.5795" for ::1 at 2025-10-08 15:47:55 +0530
Processing by WeatherController#index as HTML
  Parameters: {"lat"=>"39.8283", "lng"=>"-98.5795"}
  Rendering layout layouts/application.html.erb
  Rendering weather/index.html.erb within layouts/application
  Rendered weather/index.html.erb within layouts/application (Duration: 24.9ms | GC: 2.1ms)
  Rendered layout layouts/application.html.erb (Duration: 26.2ms | GC: 2.1ms)
Completed 200 OK in 208ms (Views: 26.7ms | ActiveRecord: 0.0ms (0 queries, 0 cached) | GC: 2.5ms)


Started GET "/weather?lat=39.8283&lng=-98.5795" for ::1 at 2025-10-08 15:52:08 +0530
Processing by WeatherController#index as HTML
  Parameters: {"lat"=>"39.8283", "lng"=>"-98.5795"}
  Rendering layout layouts/application.html.erb
  Rendering weather/index.html.erb within layouts/application
  Rendered weather/index.html.erb within layouts/application (Duration: 27.1ms | GC: 11.5ms)
  Rendered layout layouts/application.html.erb (Duration: 28.4ms | GC: 11.5ms)
Completed 200 OK in 182ms (Views: 30.0ms | ActiveRecord: 0.0ms (0 queries, 0 cached) | GC: 11.7ms)


Started GET "/weather?lat=39.8283&lng=-98.5795" for ::1 at 2025-10-08 15:52:53 +0530
Processing by WeatherController#index as HTML
  Parameters: {"lat"=>"39.8283", "lng"=>"-98.5795"}
  Rendering layout layouts/application.html.erb
  Rendering weather/index.html.erb within layouts/application
  Rendered weather/index.html.erb within layouts/application (Duration: 12.3ms | GC: 0.8ms)
  Rendered layout layouts/application.html.erb (Duration: 17.4ms | GC: 1.1ms)
Completed 200 OK in 193ms (Views: 19.4ms | ActiveRecord: 0.0ms (0 queries, 0 cached) | GC: 2.6ms)


Started GET "/weather?lat=39.8283&lng=-98.5795" for ::1 at 2025-10-08 15:55:02 +0530
Processing by WeatherController#index as HTML
  Parameters: {"lat"=>"39.8283", "lng"=>"-98.5795"}
  Rendering layout layouts/application.html.erb
  Rendering weather/index.html.erb within layouts/application
  Rendered weather/index.html.erb within layouts/application (Duration: 5.6ms | GC: 0.4ms)
  Rendered layout layouts/application.html.erb (Duration: 8.8ms | GC: 0.9ms)
Completed 200 OK in 174ms (Views: 10.5ms | ActiveRecord: 0.0ms (0 queries, 0 cached) | GC: 1.1ms)


Started GET "/weather?lat=39.8283&lng=-98.5795" for ::1 at 2025-10-08 15:55:15 +0530
Processing by WeatherController#index as HTML
  Parameters: {"lat"=>"39.8283", "lng"=>"-98.5795"}
  Rendering layout layouts/application.html.erb
  Rendering weather/index.html.erb within layouts/application
  Rendered weather/index.html.erb within layouts/application (Duration: 11.5ms | GC: 1.0ms)
  Rendered layout layouts/application.html.erb (Duration: 14.6ms | GC: 1.0ms)
Completed 200 OK in 142ms (Views: 17.0ms | ActiveRecord: 0.0ms (0 queries, 0 cached) | GC: 1.3ms)


Started GET "/weather?lat=39.8283&lng=-98.5795" for ::1 at 2025-10-08 15:56:09 +0530
Processing by WeatherController#index as HTML
  Parameters: {"lat"=>"39.8283", "lng"=>"-98.5795"}
  Rendering layout layouts/application.html.erb
  Rendering weather/index.html.erb within layouts/application
  Rendered weather/index.html.erb within layouts/application (Duration: 4.2ms | GC: 0.4ms)
  Rendered layout layouts/application.html.erb (Duration: 6.7ms | GC: 0.4ms)
Completed 200 OK in 172ms (Views: 7.4ms | ActiveRecord: 0.0ms (0 queries, 0 cached) | GC: 0.7ms)


Started GET "/weather?lat=39.8283&lng=-98.5795" for ::1 at 2025-10-08 15:56:25 +0530
Processing by WeatherController#index as HTML
  Parameters: {"lat"=>"39.8283", "lng"=>"-98.5795"}
  Rendering layout layouts/application.html.erb
  Rendering weather/index.html.erb within layouts/application
  Rendered weather/index.html.erb within layouts/application (Duration: 4.1ms | GC: 0.3ms)
  Rendered layout layouts/application.html.erb (Duration: 6.6ms | GC: 0.4ms)
Completed 200 OK in 140ms (Views: 7.3ms | ActiveRecord: 0.0ms (0 queries, 0 cached) | GC: 0.6ms)


Started GET "/weather?lat=39.8283&lng=-98.5795" for ::1 at 2025-10-08 15:56:31 +0530
Processing by WeatherController#index as HTML
  Parameters: {"lat"=>"39.8283", "lng"=>"-98.5795"}
  Rendering layout layouts/application.html.erb
  Rendering weather/index.html.erb within layouts/application
  Rendered weather/index.html.erb within layouts/application (Duration: 7.4ms | GC: 0.7ms)
  Rendered layout layouts/application.html.erb (Duration: 10.2ms | GC: 0.9ms)
Completed 200 OK in 350ms (Views: 11.5ms | ActiveRecord: 0.0ms (0 queries, 0 cached) | GC: 1.4ms)


Started GET "/weather?lat=39.8283&lng=-98.5795" for ::1 at 2025-10-08 15:58:29 +0530
Processing by WeatherController#index as HTML
  Parameters: {"lat"=>"39.8283", "lng"=>"-98.5795"}
  Rendering layout layouts/application.html.erb
  Rendering weather/index.html.erb within layouts/application
  Rendered weather/index.html.erb within layouts/application (Duration: 6.3ms | GC: 0.5ms)
  Rendered layout layouts/application.html.erb (Duration: 9.2ms | GC: 0.5ms)
Completed 200 OK in 243ms (Views: 10.7ms | ActiveRecord: 0.0ms (0 queries, 0 cached) | GC: 1.0ms)


Started GET "/manifest.json" for ::1 at 2025-10-08 15:58:39 +0530
Processing by Rails::PwaController#manifest as JSON
  Rendering pwa/manifest.json.erb
  Rendered pwa/manifest.json.erb (Duration: 0.2ms | GC: 0.0ms)
Completed 200 OK in 1ms (Views: 0.8ms | ActiveRecord: 0.0ms (0 queries, 0 cached) | GC: 0.0ms)


Started GET "/weather?lat=39.8283&lng=-98.5795" for ::1 at 2025-10-08 16:03:30 +0530
Processing by WeatherController#index as HTML
  Parameters: {"lat"=>"39.8283", "lng"=>"-98.5795"}
  Rendering layout layouts/application.html.erb
  Rendering weather/index.html.erb within layouts/application
  Rendered weather/index.html.erb within layouts/application (Duration: 5.9ms | GC: 0.6ms)
  Rendered layout layouts/application.html.erb (Duration: 8.9ms | GC: 0.8ms)
Completed 200 OK in 171ms (Views: 10.3ms | ActiveRecord: 0.0ms (0 queries, 0 cached) | GC: 7.7ms)


Started GET "/weather?lat=39.8283&lng=-98.5795" for ::1 at 2025-10-08 16:04:36 +0530
Processing by WeatherController#index as HTML
  Parameters: {"lat"=>"39.8283", "lng"=>"-98.5795"}
  Rendering layout layouts/application.html.erb
  Rendering weather/index.html.erb within layouts/application
  Rendered weather/index.html.erb within layouts/application (Duration: 6.9ms | GC: 0.7ms)
  Rendered layout layouts/application.html.erb (Duration: 10.4ms | GC: 0.8ms)
Completed 200 OK in 139ms (Views: 12.7ms | ActiveRecord: 0.0ms (0 queries, 0 cached) | GC: 1.3ms)


Started GET "/weather?lat=39.8283&lng=-98.5795" for ::1 at 2025-10-08 16:05:15 +0530
Processing by WeatherController#index as HTML
  Parameters: {"lat"=>"39.8283", "lng"=>"-98.5795"}
  Rendering layout layouts/application.html.erb
  Rendering weather/index.html.erb within layouts/application
  Rendered weather/index.html.erb within layouts/application (Duration: 9.9ms | GC: 7.2ms)
  Rendered layout layouts/application.html.erb (Duration: 15.6ms | GC: 11.3ms)
Completed 200 OK in 210ms (Views: 22.5ms | ActiveRecord: 0.0ms (0 queries, 0 cached) | GC: 50.1ms)


Started GET "/weather?lat=39.8283&lng=-98.5795" for ::1 at 2025-10-08 16:07:29 +0530
Processing by WeatherController#index as HTML
  Parameters: {"lat"=>"39.8283", "lng"=>"-98.5795"}
  Rendering layout layouts/application.html.erb
  Rendering weather/index.html.erb within layouts/application
  Rendered weather/index.html.erb within layouts/application (Duration: 5.1ms | GC: 0.3ms)
  Rendered layout layouts/application.html.erb (Duration: 8.3ms | GC: 0.5ms)
Completed 200 OK in 140ms (Views: 9.6ms | ActiveRecord: 0.0ms (0 queries, 0 cached) | GC: 1.0ms)


Started GET "/weather?lat=39.8283&lng=-98.5795" for ::1 at 2025-10-08 16:08:04 +0530
Processing by WeatherController#index as HTML
  Parameters: {"lat"=>"39.8283", "lng"=>"-98.5795"}
  Rendering layout layouts/application.html.erb
  Rendering weather/index.html.erb within layouts/application
  Rendered weather/index.html.erb within layouts/application (Duration: 5.3ms | GC: 0.4ms)
  Rendered layout layouts/application.html.erb (Duration: 9.8ms | GC: 0.9ms)
Completed 200 OK in 137ms (Views: 11.3ms | ActiveRecord: 0.0ms (0 queries, 0 cached) | GC: 1.1ms)


Started GET "/weather?lat=39.8283&lng=-98.5795" for ::1 at 2025-10-08 16:08:18 +0530
Processing by WeatherController#index as HTML
  Parameters: {"lat"=>"39.8283", "lng"=>"-98.5795"}
  Rendering layout layouts/application.html.erb
  Rendering weather/index.html.erb within layouts/application
  Rendered weather/index.html.erb within layouts/application (Duration: 9.2ms | GC: 1.2ms)
  Rendered layout layouts/application.html.erb (Duration: 11.8ms | GC: 1.2ms)
Completed 200 OK in 141ms (Views: 14.3ms | ActiveRecord: 0.0ms (0 queries, 0 cached) | GC: 2.1ms)


Started GET "/weather?lat=39.8283&lng=-98.5795" for ::1 at 2025-10-08 16:08:29 +0530
Processing by WeatherController#index as HTML
  Parameters: {"lat"=>"39.8283", "lng"=>"-98.5795"}
  Rendering layout layouts/application.html.erb
  Rendering weather/index.html.erb within layouts/application
  Rendered weather/index.html.erb within layouts/application (Duration: 5.9ms | GC: 0.4ms)
  Rendered layout layouts/application.html.erb (Duration: 8.8ms | GC: 0.4ms)
Completed 200 OK in 121ms (Views: 11.1ms | ActiveRecord: 0.0ms (0 queries, 0 cached) | GC: 0.8ms)


Started GET "/weather?lat=39.8283&lng=-98.5795" for ::1 at 2025-10-08 16:08:37 +0530
Processing by WeatherController#index as HTML
  Parameters: {"lat"=>"39.8283", "lng"=>"-98.5795"}
  Rendering layout layouts/application.html.erb
  Rendering weather/index.html.erb within layouts/application
  Rendered weather/index.html.erb within layouts/application (Duration: 10.9ms | GC: 6.1ms)
  Rendered layout layouts/application.html.erb (Duration: 13.1ms | GC: 6.1ms)
Completed 200 OK in 195ms (Views: 14.4ms | ActiveRecord: 0.0ms (0 queries, 0 cached) | GC: 6.4ms)


Started GET "/weather?lat=39.8283&lng=-98.5795" for ::1 at 2025-10-08 16:08:46 +0530
Processing by WeatherController#index as HTML
  Parameters: {"lat"=>"39.8283", "lng"=>"-98.5795"}
  Rendering layout layouts/application.html.erb
  Rendering weather/index.html.erb within layouts/application
  Rendered weather/index.html.erb within layouts/application (Duration: 5.8ms | GC: 0.6ms)
  Rendered layout layouts/application.html.erb (Duration: 9.1ms | GC: 0.6ms)
Completed 200 OK in 149ms (Views: 11.0ms | ActiveRecord: 0.0ms (0 queries, 0 cached) | GC: 1.0ms)


Started GET "/weather?lat=39.8283&lng=-98.5795" for ::1 at 2025-10-08 16:09:58 +0530
Processing by WeatherController#index as HTML
  Parameters: {"lat"=>"39.8283", "lng"=>"-98.5795"}
  Rendering layout layouts/application.html.erb
  Rendering weather/index.html.erb within layouts/application
  Rendered weather/index.html.erb within layouts/application (Duration: 7.9ms | GC: 0.4ms)
  Rendered layout layouts/application.html.erb (Duration: 11.3ms | GC: 0.6ms)
Completed 200 OK in 176ms (Views: 13.0ms | ActiveRecord: 0.0ms (0 queries, 0 cached) | GC: 0.9ms)


Started GET "/weather?zip_code=hyderabad&commit=Get+Weather" for ::1 at 2025-10-08 16:10:14 +0530
Processing by WeatherController#index as HTML
  Parameters: {"zip_code"=>"hyderabad", "commit"=>"Get Weather"}
  Rendering layout layouts/application.html.erb
  Rendering weather/index.html.erb within layouts/application
  Rendered weather/index.html.erb within layouts/application (Duration: 2.6ms | GC: 0.0ms)
  Rendered layout layouts/application.html.erb (Duration: 4.4ms | GC: 0.0ms)
Completed 200 OK in 170ms (Views: 4.9ms | ActiveRecord: 0.0ms (0 queries, 0 cached) | GC: 0.2ms)


Started GET "/weather?zip_code=hyderabad&commit=Get+Weather" for ::1 at 2025-10-08 16:11:26 +0530
Processing by WeatherController#index as HTML
  Parameters: {"zip_code"=>"hyderabad", "commit"=>"Get Weather"}
  Rendering layout layouts/application.html.erb
  Rendering weather/index.html.erb within layouts/application
  Rendered weather/index.html.erb within layouts/application (Duration: 6.6ms | GC: 0.0ms)
  Rendered layout layouts/application.html.erb (Duration: 9.9ms | GC: 0.0ms)
Completed 200 OK in 173ms (Views: 11.6ms | ActiveRecord: 0.0ms (0 queries, 0 cached) | GC: 0.0ms)


Started GET "/weather?zip_code=hyderabad&commit=Get+Weather" for ::1 at 2025-10-08 16:11:52 +0530
Processing by WeatherController#index as HTML
  Parameters: {"zip_code"=>"hyderabad", "commit"=>"Get Weather"}
  Rendering layout layouts/application.html.erb
  Rendering weather/index.html.erb within layouts/application
  Rendered weather/index.html.erb within layouts/application (Duration: 6.3ms | GC: 0.0ms)
  Rendered layout layouts/application.html.erb (Duration: 9.7ms | GC: 0.0ms)
Completed 200 OK in 164ms (Views: 11.6ms | ActiveRecord: 0.0ms (0 queries, 0 cached) | GC: 0.0ms)


Started GET "/weather?zip_code=hyderabad&commit=Get+Weather" for ::1 at 2025-10-08 16:12:52 +0530
Processing by WeatherController#index as HTML
  Parameters: {"zip_code"=>"hyderabad", "commit"=>"Get Weather"}
  Rendering layout layouts/application.html.erb
  Rendering weather/index.html.erb within layouts/application
  Rendered weather/index.html.erb within layouts/application (Duration: 4.7ms | GC: 0.0ms)
  Rendered layout layouts/application.html.erb (Duration: 7.4ms | GC: 0.0ms)
Completed 200 OK in 245ms (Views: 9.0ms | ActiveRecord: 0.0ms (0 queries, 0 cached) | GC: 0.0ms)


Started GET "/weather?zip_code=hyderabad&commit=Get+Weather" for ::1 at 2025-10-08 16:13:24 +0530
Processing by WeatherController#index as HTML
  Parameters: {"zip_code"=>"hyderabad", "commit"=>"Get Weather"}
  Rendering layout layouts/application.html.erb
  Rendering weather/index.html.erb within layouts/application
  Rendered weather/index.html.erb within layouts/application (Duration: 8.2ms | GC: 0.6ms)
  Rendered layout layouts/application.html.erb (Duration: 18.3ms | GC: 1.2ms)
Completed 200 OK in 193ms (Views: 19.8ms | ActiveRecord: 0.0ms (0 queries, 0 cached) | GC: 1.7ms)


Started GET "/weather?zip_code=hyderabad&commit=Get+Weather" for ::1 at 2025-10-08 16:13:34 +0530
Processing by WeatherController#index as HTML
  Parameters: {"zip_code"=>"hyderabad", "commit"=>"Get Weather"}
  Rendering layout layouts/application.html.erb
  Rendering weather/index.html.erb within layouts/application
  Rendered weather/index.html.erb within layouts/application (Duration: 2.6ms | GC: 0.2ms)
  Rendered layout layouts/application.html.erb (Duration: 5.1ms | GC: 0.2ms)
Completed 200 OK in 146ms (Views: 5.6ms | ActiveRecord: 0.0ms (0 queries, 0 cached) | GC: 0.7ms)


Started GET "/weather?zip_code=hyderabad&commit=Get+Weather" for ::1 at 2025-10-08 16:13:53 +0530
Processing by WeatherController#index as HTML
  Parameters: {"zip_code"=>"hyderabad", "commit"=>"Get Weather"}
  Rendering layout layouts/application.html.erb
  Rendering weather/index.html.erb within layouts/application
  Rendered weather/index.html.erb within layouts/application (Duration: 2.8ms | GC: 0.3ms)
  Rendered layout layouts/application.html.erb (Duration: 10.5ms | GC: 0.5ms)
Completed 200 OK in 143ms (Views: 11.1ms | ActiveRecord: 0.0ms (0 queries, 0 cached) | GC: 0.8ms)


Started GET "/weather?zip_code=hyderabad&commit=Get+Weather" for ::1 at 2025-10-08 16:14:08 +0530
Processing by WeatherController#index as HTML
  Parameters: {"zip_code"=>"hyderabad", "commit"=>"Get Weather"}
  Rendering layout layouts/application.html.erb
  Rendering weather/index.html.erb within layouts/application
  Rendered weather/index.html.erb within layouts/application (Duration: 3.9ms | GC: 0.4ms)
  Rendered layout layouts/application.html.erb (Duration: 7.0ms | GC: 0.4ms)
Completed 200 OK in 135ms (Views: 7.8ms | ActiveRecord: 0.0ms (0 queries, 0 cached) | GC: 0.7ms)


Started GET "/weather?zip_code=hyderabad&commit=Get+Weather" for ::1 at 2025-10-08 16:14:22 +0530
Processing by WeatherController#index as HTML
  Parameters: {"zip_code"=>"hyderabad", "commit"=>"Get Weather"}
  Rendering layout layouts/application.html.erb
  Rendering weather/index.html.erb within layouts/application
  Rendered weather/index.html.erb within layouts/application (Duration: 2.5ms | GC: 0.2ms)
  Rendered layout layouts/application.html.erb (Duration: 8.1ms | GC: 0.3ms)
Completed 200 OK in 183ms (Views: 8.9ms | ActiveRecord: 0.0ms (0 queries, 0 cached) | GC: 0.6ms)


Started GET "/weather?zip_code=hyderabad&commit=Get+Weather" for ::1 at 2025-10-08 16:14:39 +0530
Processing by WeatherController#index as HTML
  Parameters: {"zip_code"=>"hyderabad", "commit"=>"Get Weather"}
  Rendering layout layouts/application.html.erb
  Rendering weather/index.html.erb within layouts/application
  Rendered weather/index.html.erb within layouts/application (Duration: 4.3ms | GC: 0.2ms)
  Rendered layout layouts/application.html.erb (Duration: 13.4ms | GC: 0.5ms)
Completed 200 OK in 140ms (Views: 14.2ms | ActiveRecord: 0.0ms (0 queries, 0 cached) | GC: 0.9ms)


Started GET "/weather?zip_code=hyderabad&commit=Get+Weather" for ::1 at 2025-10-08 16:15:12 +0530
Processing by WeatherController#index as HTML
  Parameters: {"zip_code"=>"hyderabad", "commit"=>"Get Weather"}
  Rendering layout layouts/application.html.erb
  Rendering weather/index.html.erb within layouts/application
  Rendered weather/index.html.erb within layouts/application (Duration: 3.9ms | GC: 0.2ms)
  Rendered layout layouts/application.html.erb (Duration: 11.8ms | GC: 0.3ms)
Completed 200 OK in 139ms (Views: 12.6ms | ActiveRecord: 0.0ms (0 queries, 0 cached) | GC: 0.5ms)


Started GET "/weather?zip_code=hyderabad&commit=Get+Weather" for ::1 at 2025-10-08 16:16:08 +0530
Processing by WeatherController#index as HTML
  Parameters: {"zip_code"=>"hyderabad", "commit"=>"Get Weather"}
  Rendering layout layouts/application.html.erb
  Rendering weather/index.html.erb within layouts/application
  Rendered weather/index.html.erb within layouts/application (Duration: 7.0ms | GC: 0.3ms)
  Rendered layout layouts/application.html.erb (Duration: 10.4ms | GC: 0.5ms)
Completed 200 OK in 252ms (Views: 12.8ms | ActiveRecord: 0.0ms (0 queries, 0 cached) | GC: 1.0ms)


Started GET "/weather?zip_code=hyderabad&commit=Get+Weather" for ::1 at 2025-10-08 16:16:36 +0530
Processing by WeatherController#index as HTML
  Parameters: {"zip_code"=>"hyderabad", "commit"=>"Get Weather"}
  Rendering layout layouts/application.html.erb
  Rendering weather/index.html.erb within layouts/application
  Rendered weather/index.html.erb within layouts/application (Duration: 9.6ms | GC: 0.4ms)
  Rendered layout layouts/application.html.erb (Duration: 15.6ms | GC: 0.6ms)
Completed 200 OK in 141ms (Views: 17.3ms | ActiveRecord: 0.0ms (0 queries, 0 cached) | GC: 0.8ms)


Started GET "/weather?zip_code=hyderabad&commit=Get+Weather" for ::1 at 2025-10-08 16:17:13 +0530
Processing by WeatherController#index as HTML
  Parameters: {"zip_code"=>"hyderabad", "commit"=>"Get Weather"}
  Rendering layout layouts/application.html.erb
  Rendering weather/index.html.erb within layouts/application
  Rendered weather/index.html.erb within layouts/application (Duration: 8.1ms | GC: 0.3ms)
  Rendered layout layouts/application.html.erb (Duration: 18.4ms | GC: 7.6ms)
Completed 200 OK in 243ms (Views: 20.4ms | ActiveRecord: 0.0ms (0 queries, 0 cached) | GC: 7.8ms)


Started GET "/weather?zip_code=hyderabad&commit=Get+Weather" for ::1 at 2025-10-08 16:18:46 +0530
Processing by WeatherController#index as HTML
  Parameters: {"zip_code"=>"hyderabad", "commit"=>"Get Weather"}
  Rendering layout layouts/application.html.erb
  Rendering weather/index.html.erb within layouts/application
  Rendered weather/index.html.erb within layouts/application (Duration: 5.5ms | GC: 0.4ms)
  Rendered layout layouts/application.html.erb (Duration: 8.8ms | GC: 0.6ms)
Completed 200 OK in 146ms (Views: 10.2ms | ActiveRecord: 0.0ms (0 queries, 0 cached) | GC: 0.9ms)


Started GET "/weather?zip_code=Rewa&commit=Get+Weather" for ::1 at 2025-10-08 16:20:01 +0530
Processing by WeatherController#index as HTML
  Parameters: {"zip_code"=>"Rewa", "commit"=>"Get Weather"}
  Rendering layout layouts/application.html.erb
  Rendering weather/index.html.erb within layouts/application
  Rendered weather/index.html.erb within layouts/application (Duration: 3.8ms | GC: 0.2ms)
  Rendered layout layouts/application.html.erb (Duration: 7.0ms | GC: 0.2ms)
Completed 200 OK in 167ms (Views: 7.7ms | ActiveRecord: 0.0ms (0 queries, 0 cached) | GC: 0.6ms)


Started GET "/weather?zip_code=Rewa&commit=Get+Weather" for ::1 at 2025-10-08 16:22:16 +0530
Processing by WeatherController#index as HTML
  Parameters: {"zip_code"=>"Rewa", "commit"=>"Get Weather"}
  Rendering layout layouts/application.html.erb
  Rendering weather/index.html.erb within layouts/application
  Rendered weather/index.html.erb within layouts/application (Duration: 4.0ms | GC: 0.1ms)
  Rendered layout layouts/application.html.erb (Duration: 5.3ms | GC: 0.1ms)
Completed 200 OK in 131ms (Views: 6.9ms | ActiveRecord: 0.0ms (0 queries, 0 cached) | GC: 0.4ms)


Started GET "/weather?zip_code=Rewa&commit=Get+Weather" for ::1 at 2025-10-08 16:23:08 +0530
Processing by WeatherController#index as HTML
  Parameters: {"zip_code"=>"Rewa", "commit"=>"Get Weather"}
  Rendering layout layouts/application.html.erb
  Rendering weather/index.html.erb within layouts/application
  Rendered weather/index.html.erb within layouts/application (Duration: 6.0ms | GC: 0.3ms)
  Rendered layout layouts/application.html.erb (Duration: 9.3ms | GC: 0.5ms)
Completed 200 OK in 139ms (Views: 11.4ms | ActiveRecord: 0.0ms (0 queries, 0 cached) | GC: 0.8ms)


Started GET "/weather?zip_code=Rewa&commit=Get+Weather" for ::1 at 2025-10-08 16:24:06 +0530
Processing by WeatherController#index as HTML
  Parameters: {"zip_code"=>"Rewa", "commit"=>"Get Weather"}
  Rendering layout layouts/application.html.erb
  Rendering weather/index.html.erb within layouts/application
  Rendered weather/index.html.erb within layouts/application (Duration: 5.5ms | GC: 0.4ms)
  Rendered layout layouts/application.html.erb (Duration: 8.6ms | GC: 0.6ms)
Completed 200 OK in 145ms (Views: 9.9ms | ActiveRecord: 0.0ms (0 queries, 0 cached) | GC: 1.0ms)


Started GET "/weather?zip_code=Rewa&commit=Get+Weather" for ::1 at 2025-10-08 16:24:22 +0530
Processing by WeatherController#index as HTML
  Parameters: {"zip_code"=>"Rewa", "commit"=>"Get Weather"}
  Rendering layout layouts/application.html.erb
  Rendering weather/index.html.erb within layouts/application
  Rendered weather/index.html.erb within layouts/application (Duration: 5.5ms | GC: 0.5ms)
  Rendered layout layouts/application.html.erb (Duration: 8.6ms | GC: 0.8ms)
Completed 200 OK in 131ms (Views: 10.2ms | ActiveRecord: 0.0ms (0 queries, 0 cached) | GC: 8.5ms)


Started GET "/weather?zip_code=Rewa&commit=Get+Weather" for ::1 at 2025-10-08 16:24:27 +0530
Processing by WeatherController#index as HTML
  Parameters: {"zip_code"=>"Rewa", "commit"=>"Get Weather"}
  Rendering layout layouts/application.html.erb
  Rendering weather/index.html.erb within layouts/application
  Rendered weather/index.html.erb within layouts/application (Duration: 3.8ms | GC: 0.4ms)
  Rendered layout layouts/application.html.erb (Duration: 7.3ms | GC: 0.7ms)
Completed 200 OK in 143ms (Views: 7.9ms | ActiveRecord: 0.0ms (0 queries, 0 cached) | GC: 0.9ms)


Started GET "/weather?zip_code=Rewa&commit=Get+Weather" for ::1 at 2025-10-08 16:24:34 +0530
Processing by WeatherController#index as HTML
  Parameters: {"zip_code"=>"Rewa", "commit"=>"Get Weather"}
  Rendering layout layouts/application.html.erb
  Rendering weather/index.html.erb within layouts/application
  Rendered weather/index.html.erb within layouts/application (Duration: 3.1ms | GC: 0.4ms)
  Rendered layout layouts/application.html.erb (Duration: 5.4ms | GC: 0.6ms)
Completed 200 OK in 527ms (Views: 6.0ms | ActiveRecord: 0.0ms (0 queries, 0 cached) | GC: 0.9ms)


Started GET "/weather?zip_code=Rewa&commit=Get+Weather" for ::1 at 2025-10-08 16:25:13 +0530
Processing by WeatherController#index as HTML
  Parameters: {"zip_code"=>"Rewa", "commit"=>"Get Weather"}
  Rendering layout layouts/application.html.erb
  Rendering weather/index.html.erb within layouts/application
  Rendered weather/index.html.erb within layouts/application (Duration: 9.6ms | GC: 0.6ms)
  Rendered layout layouts/application.html.erb (Duration: 13.4ms | GC: 0.7ms)
Completed 200 OK in 161ms (Views: 15.1ms | ActiveRecord: 0.0ms (0 queries, 0 cached) | GC: 1.2ms)


Started GET "/weather?zip_code=Rewa&commit=Get+Weather" for ::1 at 2025-10-08 16:26:39 +0530
Processing by WeatherController#index as HTML
  Parameters: {"zip_code"=>"Rewa", "commit"=>"Get Weather"}
  Rendering layout layouts/application.html.erb
  Rendering weather/index.html.erb within layouts/application
  Rendered weather/index.html.erb within layouts/application (Duration: 13.0ms | GC: 1.2ms)
  Rendered layout layouts/application.html.erb (Duration: 17.7ms | GC: 1.6ms)
Completed 200 OK in 138ms (Views: 20.4ms | ActiveRecord: 0.0ms (0 queries, 0 cached) | GC: 1.9ms)


Started GET "/weather?zip_code=Rewa&commit=Get+Weather" for ::1 at 2025-10-08 16:26:55 +0530
Processing by WeatherController#index as HTML
  Parameters: {"zip_code"=>"Rewa", "commit"=>"Get Weather"}
  Rendering layout layouts/application.html.erb
  Rendering weather/index.html.erb within layouts/application
  Rendered weather/index.html.erb within layouts/application (Duration: 10.7ms | GC: 0.7ms)
  Rendered layout layouts/application.html.erb (Duration: 16.8ms | GC: 1.2ms)
Completed 200 OK in 149ms (Views: 19.6ms | ActiveRecord: 0.0ms (0 queries, 0 cached) | GC: 1.4ms)


Started GET "/weather?zip_code=Rewa&commit=Get+Weather" for ::1 at 2025-10-08 16:32:32 +0530
Processing by WeatherController#index as HTML
  Parameters: {"zip_code"=>"Rewa", "commit"=>"Get Weather"}
  Rendering layout layouts/application.html.erb
  Rendering weather/index.html.erb within layouts/application
  Rendered weather/index.html.erb within layouts/application (Duration: 14.0ms | GC: 8.0ms)
  Rendered layout layouts/application.html.erb (Duration: 17.3ms | GC: 8.3ms)
Completed 200 OK in 223ms (Views: 19.1ms | ActiveRecord: 0.0ms (0 queries, 0 cached) | GC: 8.5ms)


Started GET "/weather?zip_code=Rewa&commit=Get+Weather" for ::1 at 2025-10-08 16:33:01 +0530
Processing by WeatherController#index as HTML
  Parameters: {"zip_code"=>"Rewa", "commit"=>"Get Weather"}
  Rendering layout layouts/application.html.erb
  Rendering weather/index.html.erb within layouts/application
  Rendered weather/index.html.erb within layouts/application (Duration: 11.0ms | GC: 0.7ms)
  Rendered layout layouts/application.html.erb (Duration: 15.2ms | GC: 0.7ms)
Completed 200 OK in 136ms (Views: 17.0ms | ActiveRecord: 0.0ms (0 queries, 0 cached) | GC: 1.2ms)


Started GET "/weather?zip_code=Rewa&commit=Get+Weather" for ::1 at 2025-10-08 16:38:13 +0530
Processing by WeatherController#index as HTML
  Parameters: {"zip_code"=>"Rewa", "commit"=>"Get Weather"}
  Rendering layout layouts/application.html.erb
  Rendering weather/index.html.erb within layouts/application
  Rendered weather/index.html.erb within layouts/application (Duration: 9.9ms | GC: 0.5ms)
  Rendered layout layouts/application.html.erb (Duration: 22.7ms | GC: 0.7ms)
Completed 200 OK in 191ms (Views: 26.2ms | ActiveRecord: 0.0ms (0 queries, 0 cached) | GC: 1.6ms)


Started GET "/weather?zip_code=Rewa&commit=Get+Weather" for ::1 at 2025-10-08 16:41:24 +0530
Processing by WeatherController#index as HTML
  Parameters: {"zip_code"=>"Rewa", "commit"=>"Get Weather"}
  Rendering layout layouts/application.html.erb
  Rendering weather/index.html.erb within layouts/application
  Rendered weather/index.html.erb within layouts/application (Duration: 5.5ms | GC: 0.3ms)
  Rendered layout layouts/application.html.erb (Duration: 13.1ms | GC: 0.4ms)
Completed 200 OK in 155ms (Views: 14.8ms | ActiveRecord: 0.0ms (0 queries, 0 cached) | GC: 0.9ms)


Started GET "/weather?zip_code=Rewa&commit=Get+Weather" for ::1 at 2025-10-08 16:41:49 +0530
Processing by WeatherController#index as HTML
  Parameters: {"zip_code"=>"Rewa", "commit"=>"Get Weather"}
  Rendering layout layouts/application.html.erb
  Rendering weather/index.html.erb within layouts/application
  Rendered weather/index.html.erb within layouts/application (Duration: 5.4ms | GC: 0.3ms)
  Rendered layout layouts/application.html.erb (Duration: 10.2ms | GC: 0.6ms)
Completed 200 OK in 146ms (Views: 12.2ms | ActiveRecord: 0.0ms (0 queries, 0 cached) | GC: 1.0ms)


Started GET "/weather?zip_code=Rewa&commit=Get+Weather" for ::1 at 2025-10-08 16:41:59 +0530
Processing by WeatherController#index as HTML
  Parameters: {"zip_code"=>"Rewa", "commit"=>"Get Weather"}
  Rendering layout layouts/application.html.erb
  Rendering weather/index.html.erb within layouts/application
  Rendered weather/index.html.erb within layouts/application (Duration: 5.3ms | GC: 0.4ms)
  Rendered layout layouts/application.html.erb (Duration: 8.0ms | GC: 0.6ms)
Completed 200 OK in 204ms (Views: 9.9ms | ActiveRecord: 0.0ms (0 queries, 0 cached) | GC: 1.1ms)


Started GET "/weather?zip_code=Rewa&commit=Get+Weather" for ::1 at 2025-10-08 16:42:08 +0530
Processing by WeatherController#index as HTML
  Parameters: {"zip_code"=>"Rewa", "commit"=>"Get Weather"}
  Rendering layout layouts/application.html.erb
  Rendering weather/index.html.erb within layouts/application
  Rendered weather/index.html.erb within layouts/application (Duration: 5.3ms | GC: 0.7ms)
  Rendered layout layouts/application.html.erb (Duration: 7.8ms | GC: 0.9ms)
Completed 200 OK in 142ms (Views: 10.0ms | ActiveRecord: 0.0ms (0 queries, 0 cached) | GC: 1.2ms)


Started GET "/weather?zip_code=Rewa&commit=Get+Weather" for ::1 at 2025-10-08 16:51:46 +0530
Processing by WeatherController#index as HTML
  Parameters: {"zip_code"=>"Rewa", "commit"=>"Get Weather"}
  Rendering layout layouts/application.html.erb
  Rendering weather/index.html.erb within layouts/application
  Rendered weather/index.html.erb within layouts/application (Duration: 10.0ms | GC: 0.5ms)
  Rendered layout layouts/application.html.erb (Duration: 14.8ms | GC: 0.7ms)
Completed 200 OK in 188ms (Views: 17.2ms | ActiveRecord: 0.0ms (0 queries, 0 cached) | GC: 0.9ms)


Started GET "/weather?zip_code=Rewa&commit=Get+Weather" for ::1 at 2025-10-08 16:51:58 +0530
Processing by WeatherController#index as HTML
  Parameters: {"zip_code"=>"Rewa", "commit"=>"Get Weather"}
  Rendering layout layouts/application.html.erb
  Rendering weather/index.html.erb within layouts/application
  Rendered weather/index.html.erb within layouts/application (Duration: 3.7ms | GC: 0.2ms)
  Rendered layout layouts/application.html.erb (Duration: 6.4ms | GC: 0.2ms)
Completed 200 OK in 167ms (Views: 7.0ms | ActiveRecord: 0.0ms (0 queries, 0 cached) | GC: 0.5ms)


Started GET "/manifest.json" for ::1 at 2025-10-08 16:52:04 +0530
Processing by Rails::PwaController#manifest as JSON
  Rendering pwa/manifest.json.erb
  Rendered pwa/manifest.json.erb (Duration: 0.3ms | GC: 0.0ms)
Completed 200 OK in 1ms (Views: 1.3ms | ActiveRecord: 0.0ms (0 queries, 0 cached) | GC: 0.0ms)


[dotenv] Set [36mOPENWEATHER_API_KEY[0m and [36mGOOGLE_API_KEY[0m
[dotenv] Loaded [33m.env[0m
[dotenv] Set [36mOPENWEATHER_API_KEY[0m and [36mGOOGLE_API_KEY[0m
[dotenv] Loaded [33m.env[0m
[dotenv] Set [36mOPENWEATHER_API_KEY[0m and [36mGOOGLE_API_KEY[0m
[dotenv] Loaded [33m.env[0m
Started GET "/weather?zip_code=Rewa&commit=Get+Weather" for ::1 at 2025-10-08 16:53:00 +0530
  [1m[36mActiveRecord::SchemaMigration Load (0.1ms)[0m  [1m[34mSELECT "schema_migrations"."version" FROM "schema_migrations" ORDER BY "schema_migrations"."version" ASC[0m
Processing by WeatherController#index as HTML
  Parameters: {"zip_code"=>"Rewa", "commit"=>"Get Weather"}
  Rendering layout layouts/application.html.erb
  Rendering weather/index.html.erb within layouts/application
  Rendered weather/index.html.erb within layouts/application (Duration: 11.8ms | GC: 0.0ms)
  Rendered layout layouts/application.html.erb (Duration: 24.1ms | GC: 0.0ms)
Completed 200 OK in 163ms (Views: 26.9ms | ActiveRecord: 0.0ms (0 queries, 0 cached) | GC: 0.0ms)


Started GET "/weather?lat=24.592735&lng=80.825101" for ::1 at 2025-10-08 16:53:25 +0530
Processing by WeatherController#index as HTML
  Parameters: {"lat"=>"24.592735", "lng"=>"80.825101"}
  Rendering layout layouts/application.html.erb
  Rendering weather/index.html.erb within layouts/application
  Rendered weather/index.html.erb within layouts/application (Duration: 2.8ms | GC: 0.0ms)
  Rendered layout layouts/application.html.erb (Duration: 4.9ms | GC: 0.0ms)
Completed 200 OK in 157ms (Views: 5.5ms | ActiveRecord: 0.0ms (0 queries, 0 cached) | GC: 0.0ms)


